Using pre-set license
Built from '2021.3/staging' branch; Version is '2021.3.7f1 (24e8595d6d43) revision 2418777'; Using compiler version '192829333'; Build Type 'Release'
OS: 'Windows 10  (10.0.19044) 64bit Core' Language: 'en' Physical Memory: 15776 MB
BatchMode: 1, IsHumanControllingUs: 0, StartBugReporterOnCrash: 0, Is64bit: 1, IsPro: 1

COMMAND LINE ARGUMENTS:
C:\Program Files\Unity\Hub\Editor\2021.3.7f1\Editor\Unity.exe
-adb2
-batchMode
-noUpm
-name
AssetImportWorker2
-projectPath
C:/Users/Moone/Documents/GitHub/RHAMSCAN/Project39-pt2/Project 39
-logFile
Logs/AssetImportWorker2.log
-srvPort
58815
Successfully changed project path to: C:/Users/Moone/Documents/GitHub/RHAMSCAN/Project39-pt2/Project 39
C:/Users/Moone/Documents/GitHub/RHAMSCAN/Project39-pt2/Project 39
[UnityMemory] Configuration Parameters - Can be set up in boot.config
    "memorysetup-bucket-allocator-granularity=16"
    "memorysetup-bucket-allocator-bucket-count=8"
    "memorysetup-bucket-allocator-block-size=33554432"
    "memorysetup-bucket-allocator-block-count=8"
    "memorysetup-main-allocator-block-size=16777216"
    "memorysetup-thread-allocator-block-size=16777216"
    "memorysetup-gfx-main-allocator-block-size=16777216"
    "memorysetup-gfx-thread-allocator-block-size=16777216"
    "memorysetup-cache-allocator-block-size=4194304"
    "memorysetup-typetree-allocator-block-size=2097152"
    "memorysetup-profiler-bucket-allocator-granularity=16"
    "memorysetup-profiler-bucket-allocator-bucket-count=8"
    "memorysetup-profiler-bucket-allocator-block-size=33554432"
    "memorysetup-profiler-bucket-allocator-block-count=8"
    "memorysetup-profiler-allocator-block-size=16777216"
    "memorysetup-profiler-editor-allocator-block-size=1048576"
    "memorysetup-temp-allocator-size-main=16777216"
    "memorysetup-job-temp-allocator-block-size=2097152"
    "memorysetup-job-temp-allocator-block-size-background=1048576"
    "memorysetup-job-temp-allocator-reduction-small-platforms=262144"
    "memorysetup-temp-allocator-size-background-worker=32768"
    "memorysetup-temp-allocator-size-job-worker=262144"
    "memorysetup-temp-allocator-size-preload-manager=33554432"
    "memorysetup-temp-allocator-size-nav-mesh-worker=65536"
    "memorysetup-temp-allocator-size-audio-worker=65536"
    "memorysetup-temp-allocator-size-cloud-worker=32768"
    "memorysetup-temp-allocator-size-gi-baking-worker=262144"
    "memorysetup-temp-allocator-size-gfx=262144"
Refreshing native plugins compatible for Editor in 130.41 ms, found 3 plugins.
Preloading 0 native plugins for Editor in 0.00 ms.
Initialize engine version: 2021.3.7f1 (24e8595d6d43)
[Subsystems] Discovering subsystems at path C:/Program Files/Unity/Hub/Editor/2021.3.7f1/Editor/Data/Resources/UnitySubsystems
[Subsystems] Discovering subsystems at path C:/Users/Moone/Documents/GitHub/RHAMSCAN/Project39-pt2/Project 39/Assets
GfxDevice: creating device client; threaded=0; jobified=0
Direct3D:
    Version:  Direct3D 11.0 [level 11.1]
    Renderer: NVIDIA GeForce RTX 3050 Laptop GPU (ID=0x25a2)
    Vendor:   NVIDIA
    VRAM:     3991 MB
    Driver:   31.0.15.1694
Initialize mono
Mono path[0] = 'C:/Program Files/Unity/Hub/Editor/2021.3.7f1/Editor/Data/Managed'
Mono path[1] = 'C:/Program Files/Unity/Hub/Editor/2021.3.7f1/Editor/Data/MonoBleedingEdge/lib/mono/unityjit-win32'
Mono config path = 'C:/Program Files/Unity/Hub/Editor/2021.3.7f1/Editor/Data/MonoBleedingEdge/etc'
Using monoOptions --debugger-agent=transport=dt_socket,embedding=1,server=y,suspend=n,address=127.0.0.1:56140
Begin MonoManager ReloadAssembly
Registering precompiled unity dll's ...
Register platform support module: C:/Program Files/Unity/Hub/Editor/2021.3.7f1/Editor/Data/PlaybackEngines/WebGLSupport/UnityEditor.WebGL.Extensions.dll
Register platform support module: C:/Program Files/Unity/Hub/Editor/2021.3.7f1/Editor/Data/PlaybackEngines/WindowsStandaloneSupport/UnityEditor.WindowsStandalone.Extensions.dll
Registered in 0.017775 seconds.
Native extension for WindowsStandalone target not found
Native extension for WebGL target not found
Refreshing native plugins compatible for Editor in 129.92 ms, found 3 plugins.
Preloading 0 native plugins for Editor in 0.00 ms.
Mono: successfully reloaded assembly
- Completed reload, in  1.019 seconds
Domain Reload Profiling:
	ReloadAssembly (1021ms)
		BeginReloadAssembly (110ms)
			ExecutionOrderSort (0ms)
			DisableScriptedObjects (0ms)
			BackupInstance (0ms)
			ReleaseScriptingObjects (0ms)
			CreateAndSetChildDomain (1ms)
		EndReloadAssembly (732ms)
			LoadAssemblies (106ms)
			RebuildTransferFunctionScriptingTraits (0ms)
			SetupTypeCache (186ms)
			ReleaseScriptCaches (0ms)
			RebuildScriptCaches (45ms)
			SetupLoadedEditorAssemblies (403ms)
				LogAssemblyErrors (0ms)
				InitializePlatformSupportModulesInManaged (18ms)
				SetLoadedEditorAssemblies (0ms)
				RefreshPlugins (130ms)
				BeforeProcessingInitializeOnLoad (2ms)
				ProcessInitializeOnLoadAttributes (191ms)
				ProcessInitializeOnLoadMethodAttributes (62ms)
				AfterProcessingInitializeOnLoad (0ms)
				EditorAssembliesLoaded (0ms)
			ExecutionOrderSort2 (0ms)
			AwakeInstancesAfterBackupRestoration (0ms)
Platform modules already initialized, skipping
Registering precompiled user dll's ...
Registered in 0.011536 seconds.
Begin MonoManager ReloadAssembly
Symbol file LoadedFromMemory doesn't match image C:\Users\Moone\Documents\GitHub\RHAMSCAN\Project39-pt2\Project 39\Library\PackageCache\com.unity.visualscripting@1.7.8\Editor\VisualScripting.Core\Dependencies\YamlDotNet\Unity.VisualScripting.YamlDotNet.dll
Symbol file LoadedFromMemory doesn't match image C:\Users\Moone\Documents\GitHub\RHAMSCAN\Project39-pt2\Project 39\Library\PackageCache\com.unity.visualscripting@1.7.8\Editor\VisualScripting.Core\Dependencies\DotNetZip\Unity.VisualScripting.IonicZip.dll
Native extension for WindowsStandalone target not found
Native extension for WebGL target not found
Refreshing native plugins compatible for Editor in 0.91 ms, found 3 plugins.
Preloading 0 native plugins for Editor in 0.00 ms.
Mono: successfully reloaded assembly
- Completed reload, in  1.303 seconds
Domain Reload Profiling:
	ReloadAssembly (1304ms)
		BeginReloadAssembly (156ms)
			ExecutionOrderSort (0ms)
			DisableScriptedObjects (7ms)
			BackupInstance (0ms)
			ReleaseScriptingObjects (0ms)
			CreateAndSetChildDomain (24ms)
		EndReloadAssembly (998ms)
			LoadAssemblies (120ms)
			RebuildTransferFunctionScriptingTraits (0ms)
			SetupTypeCache (297ms)
			ReleaseScriptCaches (1ms)
			RebuildScriptCaches (55ms)
			SetupLoadedEditorAssemblies (494ms)
				LogAssemblyErrors (0ms)
				InitializePlatformSupportModulesInManaged (10ms)
				SetLoadedEditorAssemblies (1ms)
				RefreshPlugins (1ms)
				BeforeProcessingInitializeOnLoad (118ms)
				ProcessInitializeOnLoadAttributes (316ms)
				ProcessInitializeOnLoadMethodAttributes (37ms)
				AfterProcessingInitializeOnLoad (12ms)
				EditorAssembliesLoaded (0ms)
			ExecutionOrderSort2 (0ms)
			AwakeInstancesAfterBackupRestoration (7ms)
Platform modules already initialized, skipping
========================================================================
Worker process is ready to serve import requests
Launched and connected shader compiler UnityShaderCompiler.exe after 0.06 seconds
Refreshing native plugins compatible for Editor in 0.95 ms, found 3 plugins.
Preloading 0 native plugins for Editor in 0.00 ms.
Unloading 3385 Unused Serialized files (Serialized files now loaded: 0)
Unloading 27 unused Assets / (111.6 KB). Loaded Objects now: 3849.
Memory consumption went from 122.5 MB to 122.4 MB.
Total: 4.006100 ms (FindLiveObjects: 0.278000 ms CreateObjectMapping: 0.126000 ms MarkObjects: 3.449300 ms  DeleteObjects: 0.151800 ms)

AssetImportParameters requested are different than current active one (requested -> active):
  custom:video-decoder-ogg-theora: a1e56fd34408186e4bbccfd4996cb3dc -> 
  custom:container-muxer-webm: aa71ff27fc2769a1b78a27578f13a17b -> 
  custom:container-demuxer-webm: 4f35f7cbe854078d1ac9338744f61a02 -> 
  custom:video-encoder-webm-vp8: eb34c28f22e8b96e1ab97ce403110664 -> 
  custom:video-codec-MediaFoundation-h265: 746d11721c4dcdbdad8f713fa42b33f4 -> 
  custom:audio-encoder-webm-vorbis: bf7c407c2cedff20999df2af8eb42d56 -> 
  custom:framework-win-MediaFoundation: 216162199b28c13a410421893ffa2e32 -> 
  custom:container-demuxer-ogg: 62fdf1f143b41e24485cea50d1cbac27 -> 
  custom:video-decoder-webm-vp8: 9c59270c3fd7afecdb556c50c9e8de78 -> 
  custom:audio-decoder-ogg-vorbis: bf7c407c2cedff20999df2af8eb42d56 -> 
========================================================================
Received Import Request.
  Time since last request: 7379.654855 seconds.
  path: Assets/Islamic Tiles (4k)/4/Materials
  artifactKey: Guid(797a4ffeb3f84814e8ac11b039ee98f6) Importer(815301076,1909f56bfc062723c751e8b465ee728b)
Start importing Assets/Islamic Tiles (4k)/4/Materials using Guid(797a4ffeb3f84814e8ac11b039ee98f6) Importer(815301076,1909f56bfc062723c751e8b465ee728b)  -> (artifact id: '77b17bb43bf12275908f1155f52bd4f8') in 0.020260 seconds 
========================================================================
Received Import Request.
  Time since last request: 0.780950 seconds.
  path: Assets/Islamic Tiles (4k)/4/Materials/Ornamental_Tiles_ambientocclusion.mat
  artifactKey: Guid(81ea9a5d0d297284f9694dcab399d7ce) Importer(815301076,1909f56bfc062723c751e8b465ee728b)
Start importing Assets/Islamic Tiles (4k)/4/Materials/Ornamental_Tiles_ambientocclusion.mat using Guid(81ea9a5d0d297284f9694dcab399d7ce) Importer(815301076,1909f56bfc062723c751e8b465ee728b)  -> (artifact id: 'adf6e2202912735d3468a3707f752745') in 0.179170 seconds 
========================================================================
Received Import Request.
  Time since last request: 34.344961 seconds.
  path: Assets/Islamic Tiles (4k)/1
  artifactKey: Guid(28cb31b9ed9c2b3429cdfe610a20d503) Importer(815301076,1909f56bfc062723c751e8b465ee728b)
Start importing Assets/Islamic Tiles (4k)/1 using Guid(28cb31b9ed9c2b3429cdfe610a20d503) Importer(815301076,1909f56bfc062723c751e8b465ee728b)  -> (artifact id: 'b14a6b40e91c8eb1e64bbda37a24ec09') in 0.011410 seconds 
========================================================================
Received Import Request.
  Time since last request: 0.066335 seconds.
  path: Assets/Islamic Tiles (4k)/1/Ornamental_Tiles_ambientocclusion.png
  artifactKey: Guid(0405edb55654b5040b7b33129cc4af7a) Importer(815301076,1909f56bfc062723c751e8b465ee728b)
Start importing Assets/Islamic Tiles (4k)/1/Ornamental_Tiles_ambientocclusion.png using Guid(0405edb55654b5040b7b33129cc4af7a) Importer(815301076,1909f56bfc062723c751e8b465ee728b)  -> (artifact id: '025b294e2ee0ed27578b609c16d6396a') in 0.049215 seconds 
========================================================================
Received Import Request.
  Time since last request: 0.000034 seconds.
  path: Assets/Islamic Tiles (4k)/1/Ornamental_Tiles_normal.png
  artifactKey: Guid(bf1239483d544e045b46475865bed366) Importer(815301076,1909f56bfc062723c751e8b465ee728b)
Start importing Assets/Islamic Tiles (4k)/1/Ornamental_Tiles_normal.png using Guid(bf1239483d544e045b46475865bed366) Importer(815301076,1909f56bfc062723c751e8b465ee728b)  -> (artifact id: '741e5eafe632b98ad7c2d77e64f1b19b') in 0.046811 seconds 
========================================================================
Received Import Request.
  Time since last request: 0.000034 seconds.
  path: Assets/Islamic Tiles (4k)/1/Ornamental_Tiles_metallic.png
  artifactKey: Guid(f0b380635d71ee54193f8a5673ff361e) Importer(815301076,1909f56bfc062723c751e8b465ee728b)
Start importing Assets/Islamic Tiles (4k)/1/Ornamental_Tiles_metallic.png using Guid(f0b380635d71ee54193f8a5673ff361e) Importer(815301076,1909f56bfc062723c751e8b465ee728b)  -> (artifact id: 'c84ba6df3e42d6e6e4e232e7196122e9') in 0.014756 seconds 
========================================================================
Received Import Request.
  Time since last request: 3.587881 seconds.
  path: Assets/Islamic Tiles (4k)/1/Materials
  artifactKey: Guid(0f2207ff3f7834d48892a28e4ae7dbe5) Importer(815301076,1909f56bfc062723c751e8b465ee728b)
Start importing Assets/Islamic Tiles (4k)/1/Materials using Guid(0f2207ff3f7834d48892a28e4ae7dbe5) Importer(815301076,1909f56bfc062723c751e8b465ee728b)  -> (artifact id: 'ef003b6b0a10cd6459658e29f1201d6e') in 0.003135 seconds 
========================================================================
Received Import Request.
  Time since last request: 0.059601 seconds.
  path: Assets/Islamic Tiles (4k)/1/Materials/Ornamental_Tiles_basecolor 1.mat
  artifactKey: Guid(731014a412278874ba55485f76eba8f4) Importer(815301076,1909f56bfc062723c751e8b465ee728b)
Start importing Assets/Islamic Tiles (4k)/1/Materials/Ornamental_Tiles_basecolor 1.mat using Guid(731014a412278874ba55485f76eba8f4) Importer(815301076,1909f56bfc062723c751e8b465ee728b)  -> (artifact id: '302720f6a10201cd4c0d6704cb6d3f20') in 0.334423 seconds 
========================================================================
Received Import Request.
  Time since last request: 19.022897 seconds.
  path: Assets/Islamic Tiles (4k)/2
  artifactKey: Guid(3a3ca1b7f7276384db13629614cb0bf5) Importer(815301076,1909f56bfc062723c751e8b465ee728b)
Start importing Assets/Islamic Tiles (4k)/2 using Guid(3a3ca1b7f7276384db13629614cb0bf5) Importer(815301076,1909f56bfc062723c751e8b465ee728b)  -> (artifact id: '9a9e9d51c11bad9adfa6aa79bc6f0bc6') in 0.011755 seconds 
========================================================================
Received Import Request.
  Time since last request: 0.089581 seconds.
  path: Assets/Islamic Tiles (4k)/2/Ornamental_Tiles_ambientocclusion.png
  artifactKey: Guid(e3002e92b327b6349a627e968f05b603) Importer(815301076,1909f56bfc062723c751e8b465ee728b)
Start importing Assets/Islamic Tiles (4k)/2/Ornamental_Tiles_ambientocclusion.png using Guid(e3002e92b327b6349a627e968f05b603) Importer(815301076,1909f56bfc062723c751e8b465ee728b)  -> (artifact id: '0ed76e3d47cf6b330f5a17908420c23d') in 0.026324 seconds 
========================================================================
Received Import Request.
  Time since last request: 0.000041 seconds.
  path: Assets/Islamic Tiles (4k)/2/Ornamental_Tiles_normal.png
  artifactKey: Guid(9faf6b389de8dc34793f6549af71cd98) Importer(815301076,1909f56bfc062723c751e8b465ee728b)
Start importing Assets/Islamic Tiles (4k)/2/Ornamental_Tiles_normal.png using Guid(9faf6b389de8dc34793f6549af71cd98) Importer(815301076,1909f56bfc062723c751e8b465ee728b)  -> (artifact id: '5d68483d0afafaaab5733ae36b99dd1b') in 0.023438 seconds 
========================================================================
Received Import Request.
  Time since last request: 1.147244 seconds.
  path: Assets/Islamic Tiles (4k)/2/Materials
  artifactKey: Guid(bf98cb0aa4fa0e24fbef2be723b99fff) Importer(815301076,1909f56bfc062723c751e8b465ee728b)
Start importing Assets/Islamic Tiles (4k)/2/Materials using Guid(bf98cb0aa4fa0e24fbef2be723b99fff) Importer(815301076,1909f56bfc062723c751e8b465ee728b)  -> (artifact id: '4466172287091845b459a3dd1f385a8c') in 0.003821 seconds 
========================================================================
Received Import Request.
  Time since last request: 0.066140 seconds.
  path: Assets/Islamic Tiles (4k)/2/Materials/Ornamental_Tiles_basecolor.mat
  artifactKey: Guid(b9f7ba678ff899a4199f160914bf30f7) Importer(815301076,1909f56bfc062723c751e8b465ee728b)
Start importing Assets/Islamic Tiles (4k)/2/Materials/Ornamental_Tiles_basecolor.mat using Guid(b9f7ba678ff899a4199f160914bf30f7) Importer(815301076,1909f56bfc062723c751e8b465ee728b)  -> (artifact id: '97596aa6c62f687410aa0b24d778329f') in 0.051625 seconds 
========================================================================
Received Import Request.
  Time since last request: 2.887390 seconds.
  path: Assets/Islamic Tiles (4k)/3
  artifactKey: Guid(20cf4e272b774d644875dd7f041686fe) Importer(815301076,1909f56bfc062723c751e8b465ee728b)
Start importing Assets/Islamic Tiles (4k)/3 using Guid(20cf4e272b774d644875dd7f041686fe) Importer(815301076,1909f56bfc062723c751e8b465ee728b)  -> (artifact id: '58865638dc0e5f8c567fb2d4673a662b') in 0.009287 seconds 
========================================================================
Received Import Request.
  Time since last request: 0.810835 seconds.
  path: Assets/Islamic Tiles (4k)/3/Ornamental_Tiles_ambientocclusion.png
  artifactKey: Guid(a2d1e216f6e3eeb48835902a774b6b4a) Importer(815301076,1909f56bfc062723c751e8b465ee728b)
Start importing Assets/Islamic Tiles (4k)/3/Ornamental_Tiles_ambientocclusion.png using Guid(a2d1e216f6e3eeb48835902a774b6b4a) Importer(815301076,1909f56bfc062723c751e8b465ee728b)  -> (artifact id: 'a255bcde46c2da2fd8a90b35a3146773') in 0.026269 seconds 
========================================================================
Received Import Request.
  Time since last request: 0.000036 seconds.
  path: Assets/Islamic Tiles (4k)/3/Ornamental_Tiles_roughness.png
  artifactKey: Guid(053805649548b2f4c8a8e2c5b7ff1e88) Importer(815301076,1909f56bfc062723c751e8b465ee728b)
Start importing Assets/Islamic Tiles (4k)/3/Ornamental_Tiles_roughness.png using Guid(053805649548b2f4c8a8e2c5b7ff1e88) Importer(815301076,1909f56bfc062723c751e8b465ee728b)  -> (artifact id: '83d723181726e06e9ae391354b5b4c89') in 0.026171 seconds 
========================================================================
Received Import Request.
  Time since last request: 0.830953 seconds.
  path: Assets/Islamic Tiles (4k)/3/Materials
  artifactKey: Guid(d43574106eb803d4587c4b0a206b379d) Importer(815301076,1909f56bfc062723c751e8b465ee728b)
Start importing Assets/Islamic Tiles (4k)/3/Materials using Guid(d43574106eb803d4587c4b0a206b379d) Importer(815301076,1909f56bfc062723c751e8b465ee728b)  -> (artifact id: 'dce53dfc41419e7cc765c660a7ba6c70') in 0.003768 seconds 
========================================================================
Received Import Request.
  Time since last request: 0.035064 seconds.
  path: Assets/Islamic Tiles (4k)/3/Materials/Ornamental_Tiles_basecolor.mat
  artifactKey: Guid(04d17c7d7119c994fb01d7150a1eafc2) Importer(815301076,1909f56bfc062723c751e8b465ee728b)
Start importing Assets/Islamic Tiles (4k)/3/Materials/Ornamental_Tiles_basecolor.mat using Guid(04d17c7d7119c994fb01d7150a1eafc2) Importer(815301076,1909f56bfc062723c751e8b465ee728b)  -> (artifact id: '51db682f6788cbf5f25c3cd57b2a037b') in 0.035423 seconds 
========================================================================
Received Import Request.
  Time since last request: 47.248328 seconds.
  path: Assets/Islamic Tiles (4k)/5
  artifactKey: Guid(a7ec64e471c43034395689d45c874723) Importer(815301076,1909f56bfc062723c751e8b465ee728b)
Start importing Assets/Islamic Tiles (4k)/5 using Guid(a7ec64e471c43034395689d45c874723) Importer(815301076,1909f56bfc062723c751e8b465ee728b)  -> (artifact id: '9f17e17f4ae32b5826f6677516cbd7bc') in 0.010319 seconds 
========================================================================
Received Import Request.
  Time since last request: 0.958407 seconds.
  path: Assets/Islamic Tiles (4k)/5/Ornamental_Tiles_ambientocclusion.png
  artifactKey: Guid(7a234ccbae70ee24080b6bbfbcd88ada) Importer(815301076,1909f56bfc062723c751e8b465ee728b)
Start importing Assets/Islamic Tiles (4k)/5/Ornamental_Tiles_ambientocclusion.png using Guid(7a234ccbae70ee24080b6bbfbcd88ada) Importer(815301076,1909f56bfc062723c751e8b465ee728b)  -> (artifact id: 'c3e38ce55d30a869571c1a7f79eedc10') in 0.031189 seconds 
========================================================================
Received Import Request.
  Time since last request: 0.000041 seconds.
  path: Assets/Islamic Tiles (4k)/5/Ornamental_Tiles_metallic.png
  artifactKey: Guid(854900bb9f8a13d4f8a3943b7d3fb2f3) Importer(815301076,1909f56bfc062723c751e8b465ee728b)
Start importing Assets/Islamic Tiles (4k)/5/Ornamental_Tiles_metallic.png using Guid(854900bb9f8a13d4f8a3943b7d3fb2f3) Importer(815301076,1909f56bfc062723c751e8b465ee728b)  -> (artifact id: 'f0e74ee7b38858ca8660c50dea957282') in 0.027713 seconds 
========================================================================
Received Import Request.
  Time since last request: 1.451925 seconds.
  path: Assets/Islamic Tiles (4k)/5/Materials
  artifactKey: Guid(b2925baf9c50740429557110bc40731f) Importer(815301076,1909f56bfc062723c751e8b465ee728b)
Start importing Assets/Islamic Tiles (4k)/5/Materials using Guid(b2925baf9c50740429557110bc40731f) Importer(815301076,1909f56bfc062723c751e8b465ee728b)  -> (artifact id: '54f6b0ca8c1e1eb1c1ece14ebc76df05') in 0.004498 seconds 
========================================================================
Received Import Request.
  Time since last request: 0.052307 seconds.
  path: Assets/Islamic Tiles (4k)/5/Materials/Ornamental_Tiles_basecolor.mat
  artifactKey: Guid(3498d443e494b514ba58e66924a6cf19) Importer(815301076,1909f56bfc062723c751e8b465ee728b)
Start importing Assets/Islamic Tiles (4k)/5/Materials/Ornamental_Tiles_basecolor.mat using Guid(3498d443e494b514ba58e66924a6cf19) Importer(815301076,1909f56bfc062723c751e8b465ee728b)  -> (artifact id: 'a14296fa3d6bf8772d20e85f00f05319') in 0.039824 seconds 
========================================================================
Received Import Request.
  Time since last request: 20.147493 seconds.
  path: Assets/Islamic Tiles (4k)/6
  artifactKey: Guid(7d1cf530ed482bf438b36ccaadd21245) Importer(815301076,1909f56bfc062723c751e8b465ee728b)
Start importing Assets/Islamic Tiles (4k)/6 using Guid(7d1cf530ed482bf438b36ccaadd21245) Importer(815301076,1909f56bfc062723c751e8b465ee728b)  -> (artifact id: '10a0513c409c2b2f6e3997426208c8e6') in 0.010431 seconds 
========================================================================
Received Import Request.
  Time since last request: 0.025999 seconds.
  path: Assets/Islamic Tiles (4k)/6/Ornamental_Tiles_ambientocclusion.png
  artifactKey: Guid(d33971d874bc27640ba2f6f8e7e6ddc1) Importer(815301076,1909f56bfc062723c751e8b465ee728b)
Start importing Assets/Islamic Tiles (4k)/6/Ornamental_Tiles_ambientocclusion.png using Guid(d33971d874bc27640ba2f6f8e7e6ddc1) Importer(815301076,1909f56bfc062723c751e8b465ee728b)  -> (artifact id: 'd26d8034d3f69d02e02fe1182f5c897f') in 0.026264 seconds 
========================================================================
Received Import Request.
  Time since last request: 0.000041 seconds.
  path: Assets/Islamic Tiles (4k)/6/Ornamental_Tiles_normal.png
  artifactKey: Guid(19e3613cc176b774dbe059e0d815eefa) Importer(815301076,1909f56bfc062723c751e8b465ee728b)
Start importing Assets/Islamic Tiles (4k)/6/Ornamental_Tiles_normal.png using Guid(19e3613cc176b774dbe059e0d815eefa) Importer(815301076,1909f56bfc062723c751e8b465ee728b)  -> (artifact id: 'b6586c6b7842ad3e8b6e645a3a9f5653') in 0.042345 seconds 
========================================================================
Received Import Request.
  Time since last request: 1.161482 seconds.
  path: Assets/Islamic Tiles (4k)/6/Materials
  artifactKey: Guid(54422c597885cf74a9165d1f59a0b084) Importer(815301076,1909f56bfc062723c751e8b465ee728b)
Start importing Assets/Islamic Tiles (4k)/6/Materials using Guid(54422c597885cf74a9165d1f59a0b084) Importer(815301076,1909f56bfc062723c751e8b465ee728b)  -> (artifact id: '96fbbae0380b52cc96b9dc63d89beb92') in 0.003861 seconds 
========================================================================
Received Import Request.
  Time since last request: 0.965138 seconds.
  path: Assets/Islamic Tiles (4k)/6/Materials/Ornamental_Tiles_basecolor.mat
  artifactKey: Guid(c2c5eecc6756d394187eeb52c948b1b0) Importer(815301076,1909f56bfc062723c751e8b465ee728b)
Start importing Assets/Islamic Tiles (4k)/6/Materials/Ornamental_Tiles_basecolor.mat using Guid(c2c5eecc6756d394187eeb52c948b1b0) Importer(815301076,1909f56bfc062723c751e8b465ee728b)  -> (artifact id: 'daf0b44ad60e69305eb944279832e889') in 0.034873 seconds 
========================================================================
Received Import Request.
  Time since last request: 34.816188 seconds.
  path: Assets/Hand Painted textures
  artifactKey: Guid(329561177e28b89449171f6177584cd9) Importer(815301076,1909f56bfc062723c751e8b465ee728b)
Start importing Assets/Hand Painted textures using Guid(329561177e28b89449171f6177584cd9) Importer(815301076,1909f56bfc062723c751e8b465ee728b)  -> (artifact id: 'cc931f1cde1bda49f899fd784eb41338') in 0.010382 seconds 
========================================================================
Received Import Request.
  Time since last request: 2.497711 seconds.
  path: Assets/Hand Painted textures/Materials
  artifactKey: Guid(5c16bee9c25873e49843a7503f3afc27) Importer(815301076,1909f56bfc062723c751e8b465ee728b)
Start importing Assets/Hand Painted textures/Materials using Guid(5c16bee9c25873e49843a7503f3afc27) Importer(815301076,1909f56bfc062723c751e8b465ee728b)  -> (artifact id: 'db9edc9018215a2b2137b3eb248cc369') in 0.003980 seconds 
========================================================================
Received Import Request.
  Time since last request: 0.068114 seconds.
  path: Assets/Hand Painted textures/Materials/Acqua tile.mat
  artifactKey: Guid(c2f8f530fac80494b89167ee939c5383) Importer(815301076,1909f56bfc062723c751e8b465ee728b)
Start importing Assets/Hand Painted textures/Materials/Acqua tile.mat using Guid(c2f8f530fac80494b89167ee939c5383) Importer(815301076,1909f56bfc062723c751e8b465ee728b)  -> (artifact id: '42b7671de5f052ea141dfa64314eb49d') in 0.061087 seconds 
========================================================================
Received Import Request.
  Time since last request: 0.000058 seconds.
  path: Assets/Hand Painted textures/Materials/Rock_Ground.mat
  artifactKey: Guid(de534d999fcc3c24c8eb6ea7f5bbd797) Importer(815301076,1909f56bfc062723c751e8b465ee728b)
Start importing Assets/Hand Painted textures/Materials/Rock_Ground.mat using Guid(de534d999fcc3c24c8eb6ea7f5bbd797) Importer(815301076,1909f56bfc062723c751e8b465ee728b)  -> (artifact id: 'e306934834f547d3cfc28aa1159b3416') in 0.036104 seconds 
========================================================================
Received Import Request.
  Time since last request: 0.000060 seconds.
  path: Assets/Hand Painted textures/Materials/Stone_Brick.mat
  artifactKey: Guid(632ca932d5902bb4b84216d46ec78994) Importer(815301076,1909f56bfc062723c751e8b465ee728b)
Start importing Assets/Hand Painted textures/Materials/Stone_Brick.mat using Guid(632ca932d5902bb4b84216d46ec78994) Importer(815301076,1909f56bfc062723c751e8b465ee728b)  -> (artifact id: '30941c43f41e9ee3acb73d4870a5e1c0') in 0.048614 seconds 
========================================================================
Received Import Request.
  Time since last request: 0.000062 seconds.
  path: Assets/Hand Painted textures/Materials/Leaves.mat
  artifactKey: Guid(67270adb3f8744b488d4f55040d527c3) Importer(815301076,1909f56bfc062723c751e8b465ee728b)
Start importing Assets/Hand Painted textures/Materials/Leaves.mat using Guid(67270adb3f8744b488d4f55040d527c3) Importer(815301076,1909f56bfc062723c751e8b465ee728b)  -> (artifact id: 'debfd5dbc121719506927f1c71e8066a') in 0.043380 seconds 
========================================================================
Received Prepare
Registering precompiled user dll's ...
Registered in 0.015172 seconds.
Begin MonoManager ReloadAssembly
Symbol file LoadedFromMemory doesn't match image C:\Users\Moone\Documents\GitHub\RHAMSCAN\Project39-pt2\Project 39\Library\PackageCache\com.unity.visualscripting@1.7.8\Editor\VisualScripting.Core\Dependencies\YamlDotNet\Unity.VisualScripting.YamlDotNet.dll
Symbol file LoadedFromMemory doesn't match image C:\Users\Moone\Documents\GitHub\RHAMSCAN\Project39-pt2\Project 39\Library\PackageCache\com.unity.visualscripting@1.7.8\Editor\VisualScripting.Core\Dependencies\DotNetZip\Unity.VisualScripting.IonicZip.dll
Native extension for WindowsStandalone target not found
Native extension for WebGL target not found
Refreshing native plugins compatible for Editor in 1.79 ms, found 3 plugins.
Preloading 0 native plugins for Editor in 0.00 ms.
Mono: successfully reloaded assembly
- Completed reload, in  1.685 seconds
Domain Reload Profiling:
	ReloadAssembly (1686ms)
		BeginReloadAssembly (219ms)
			ExecutionOrderSort (0ms)
			DisableScriptedObjects (7ms)
			BackupInstance (0ms)
			ReleaseScriptingObjects (0ms)
			CreateAndSetChildDomain (55ms)
		EndReloadAssembly (1293ms)
			LoadAssemblies (147ms)
			RebuildTransferFunctionScriptingTraits (0ms)
			SetupTypeCache (415ms)
			ReleaseScriptCaches (2ms)
			RebuildScriptCaches (68ms)
			SetupLoadedEditorAssemblies (605ms)
				LogAssemblyErrors (0ms)
				InitializePlatformSupportModulesInManaged (25ms)
				SetLoadedEditorAssemblies (1ms)
				RefreshPlugins (2ms)
				BeforeProcessingInitializeOnLoad (126ms)
				ProcessInitializeOnLoadAttributes (379ms)
				ProcessInitializeOnLoadMethodAttributes (52ms)
				AfterProcessingInitializeOnLoad (20ms)
				EditorAssembliesLoaded (0ms)
			ExecutionOrderSort2 (0ms)
			AwakeInstancesAfterBackupRestoration (12ms)
Platform modules already initialized, skipping
Refreshing native plugins compatible for Editor in 3.50 ms, found 3 plugins.
Preloading 0 native plugins for Editor in 0.00 ms.
Unloading 3377 Unused Serialized files (Serialized files now loaded: 0)
Unloading 20 unused Assets / (79.2 KB). Loaded Objects now: 3894.
Memory consumption went from 126.8 MB to 126.8 MB.
Total: 4.054700 ms (FindLiveObjects: 0.287500 ms CreateObjectMapping: 0.174800 ms MarkObjects: 3.476900 ms  DeleteObjects: 0.114500 ms)

AssetImportParameters requested are different than current active one (requested -> active):
  custom:video-decoder-ogg-theora: a1e56fd34408186e4bbccfd4996cb3dc -> 
  custom:container-muxer-webm: aa71ff27fc2769a1b78a27578f13a17b -> 
  custom:container-demuxer-webm: 4f35f7cbe854078d1ac9338744f61a02 -> 
  custom:video-encoder-webm-vp8: eb34c28f22e8b96e1ab97ce403110664 -> 
  custom:video-codec-MediaFoundation-h265: 746d11721c4dcdbdad8f713fa42b33f4 -> 
  custom:audio-encoder-webm-vorbis: bf7c407c2cedff20999df2af8eb42d56 -> 
  custom:framework-win-MediaFoundation: 216162199b28c13a410421893ffa2e32 -> 
  custom:container-demuxer-ogg: 62fdf1f143b41e24485cea50d1cbac27 -> 
  custom:video-decoder-webm-vp8: 9c59270c3fd7afecdb556c50c9e8de78 -> 
  custom:audio-decoder-ogg-vorbis: bf7c407c2cedff20999df2af8eb42d56 -> 
Editor requested this worker to shutdown with reason: Scaling down because of idle timeout
AssetImportWorkerClient::OnTransportError - code=2 error=End of file
AssetImportWorker is now disconnected from the server
Process exiting
Exiting without the bug reporter. Application will terminate with return code 0