Using pre-set license
Built from '2021.3/staging' branch; Version is '2021.3.7f1 (24e8595d6d43) revision 2418777'; Using compiler version '192829333'; Build Type 'Release'
OS: 'Windows 10  (10.0.19044) 64bit Core' Language: 'en' Physical Memory: 15776 MB
BatchMode: 1, IsHumanControllingUs: 0, StartBugReporterOnCrash: 0, Is64bit: 1, IsPro: 1

COMMAND LINE ARGUMENTS:
C:\Program Files\Unity\Hub\Editor\2021.3.7f1\Editor\Unity.exe
-adb2
-batchMode
-noUpm
-name
AssetImportWorker3
-projectPath
C:/Users/Moone/Documents/GitHub/RHAMSCAN/Project39-pt2/Project 39
-logFile
Logs/AssetImportWorker3.log
-srvPort
58815
Successfully changed project path to: C:/Users/Moone/Documents/GitHub/RHAMSCAN/Project39-pt2/Project 39
C:/Users/Moone/Documents/GitHub/RHAMSCAN/Project39-pt2/Project 39
[UnityMemory] Configuration Parameters - Can be set up in boot.config
    "memorysetup-bucket-allocator-granularity=16"
    "memorysetup-bucket-allocator-bucket-count=8"
    "memorysetup-bucket-allocator-block-size=33554432"
    "memorysetup-bucket-allocator-block-count=8"
    "memorysetup-main-allocator-block-size=16777216"
    "memorysetup-thread-allocator-block-size=16777216"
    "memorysetup-gfx-main-allocator-block-size=16777216"
    "memorysetup-gfx-thread-allocator-block-size=16777216"
    "memorysetup-cache-allocator-block-size=4194304"
    "memorysetup-typetree-allocator-block-size=2097152"
    "memorysetup-profiler-bucket-allocator-granularity=16"
    "memorysetup-profiler-bucket-allocator-bucket-count=8"
    "memorysetup-profiler-bucket-allocator-block-size=33554432"
    "memorysetup-profiler-bucket-allocator-block-count=8"
    "memorysetup-profiler-allocator-block-size=16777216"
    "memorysetup-profiler-editor-allocator-block-size=1048576"
    "memorysetup-temp-allocator-size-main=16777216"
    "memorysetup-job-temp-allocator-block-size=2097152"
    "memorysetup-job-temp-allocator-block-size-background=1048576"
    "memorysetup-job-temp-allocator-reduction-small-platforms=262144"
    "memorysetup-temp-allocator-size-background-worker=32768"
    "memorysetup-temp-allocator-size-job-worker=262144"
    "memorysetup-temp-allocator-size-preload-manager=33554432"
    "memorysetup-temp-allocator-size-nav-mesh-worker=65536"
    "memorysetup-temp-allocator-size-audio-worker=65536"
    "memorysetup-temp-allocator-size-cloud-worker=32768"
    "memorysetup-temp-allocator-size-gi-baking-worker=262144"
    "memorysetup-temp-allocator-size-gfx=262144"
Refreshing native plugins compatible for Editor in 128.09 ms, found 3 plugins.
Preloading 0 native plugins for Editor in 0.00 ms.
Initialize engine version: 2021.3.7f1 (24e8595d6d43)
[Subsystems] Discovering subsystems at path C:/Program Files/Unity/Hub/Editor/2021.3.7f1/Editor/Data/Resources/UnitySubsystems
[Subsystems] Discovering subsystems at path C:/Users/Moone/Documents/GitHub/RHAMSCAN/Project39-pt2/Project 39/Assets
GfxDevice: creating device client; threaded=0; jobified=0
Direct3D:
    Version:  Direct3D 11.0 [level 11.1]
    Renderer: NVIDIA GeForce RTX 3050 Laptop GPU (ID=0x25a2)
    Vendor:   NVIDIA
    VRAM:     3991 MB
    Driver:   31.0.15.1694
Initialize mono
Mono path[0] = 'C:/Program Files/Unity/Hub/Editor/2021.3.7f1/Editor/Data/Managed'
Mono path[1] = 'C:/Program Files/Unity/Hub/Editor/2021.3.7f1/Editor/Data/MonoBleedingEdge/lib/mono/unityjit-win32'
Mono config path = 'C:/Program Files/Unity/Hub/Editor/2021.3.7f1/Editor/Data/MonoBleedingEdge/etc'
Using monoOptions --debugger-agent=transport=dt_socket,embedding=1,server=y,suspend=n,address=127.0.0.1:56884
Begin MonoManager ReloadAssembly
Registering precompiled unity dll's ...
Register platform support module: C:/Program Files/Unity/Hub/Editor/2021.3.7f1/Editor/Data/PlaybackEngines/WebGLSupport/UnityEditor.WebGL.Extensions.dll
Register platform support module: C:/Program Files/Unity/Hub/Editor/2021.3.7f1/Editor/Data/PlaybackEngines/WindowsStandaloneSupport/UnityEditor.WindowsStandalone.Extensions.dll
Registered in 0.014869 seconds.
Native extension for WindowsStandalone target not found
Native extension for WebGL target not found
Refreshing native plugins compatible for Editor in 161.52 ms, found 3 plugins.
Preloading 0 native plugins for Editor in 0.00 ms.
Mono: successfully reloaded assembly
- Completed reload, in  1.079 seconds
Domain Reload Profiling:
	ReloadAssembly (1079ms)
		BeginReloadAssembly (107ms)
			ExecutionOrderSort (0ms)
			DisableScriptedObjects (0ms)
			BackupInstance (0ms)
			ReleaseScriptingObjects (0ms)
			CreateAndSetChildDomain (1ms)
		EndReloadAssembly (801ms)
			LoadAssemblies (104ms)
			RebuildTransferFunctionScriptingTraits (0ms)
			SetupTypeCache (150ms)
			ReleaseScriptCaches (0ms)
			RebuildScriptCaches (47ms)
			SetupLoadedEditorAssemblies (500ms)
				LogAssemblyErrors (0ms)
				InitializePlatformSupportModulesInManaged (19ms)
				SetLoadedEditorAssemblies (0ms)
				RefreshPlugins (162ms)
				BeforeProcessingInitializeOnLoad (2ms)
				ProcessInitializeOnLoadAttributes (240ms)
				ProcessInitializeOnLoadMethodAttributes (78ms)
				AfterProcessingInitializeOnLoad (0ms)
				EditorAssembliesLoaded (0ms)
			ExecutionOrderSort2 (0ms)
			AwakeInstancesAfterBackupRestoration (0ms)
Platform modules already initialized, skipping
Registering precompiled user dll's ...
Registered in 0.012036 seconds.
Begin MonoManager ReloadAssembly
Symbol file LoadedFromMemory doesn't match image C:\Users\Moone\Documents\GitHub\RHAMSCAN\Project39-pt2\Project 39\Library\PackageCache\com.unity.visualscripting@1.7.8\Editor\VisualScripting.Core\Dependencies\YamlDotNet\Unity.VisualScripting.YamlDotNet.dll
Symbol file LoadedFromMemory doesn't match image C:\Users\Moone\Documents\GitHub\RHAMSCAN\Project39-pt2\Project 39\Library\PackageCache\com.unity.visualscripting@1.7.8\Editor\VisualScripting.Core\Dependencies\DotNetZip\Unity.VisualScripting.IonicZip.dll
Native extension for WindowsStandalone target not found
Native extension for WebGL target not found
Refreshing native plugins compatible for Editor in 0.96 ms, found 3 plugins.
Preloading 0 native plugins for Editor in 0.00 ms.
Mono: successfully reloaded assembly
- Completed reload, in  1.314 seconds
Domain Reload Profiling:
	ReloadAssembly (1315ms)
		BeginReloadAssembly (144ms)
			ExecutionOrderSort (0ms)
			DisableScriptedObjects (7ms)
			BackupInstance (0ms)
			ReleaseScriptingObjects (0ms)
			CreateAndSetChildDomain (29ms)
		EndReloadAssembly (1020ms)
			LoadAssemblies (103ms)
			RebuildTransferFunctionScriptingTraits (0ms)
			SetupTypeCache (301ms)
			ReleaseScriptCaches (1ms)
			RebuildScriptCaches (58ms)
			SetupLoadedEditorAssemblies (507ms)
				LogAssemblyErrors (0ms)
				InitializePlatformSupportModulesInManaged (13ms)
				SetLoadedEditorAssemblies (1ms)
				RefreshPlugins (1ms)
				BeforeProcessingInitializeOnLoad (112ms)
				ProcessInitializeOnLoadAttributes (332ms)
				ProcessInitializeOnLoadMethodAttributes (36ms)
				AfterProcessingInitializeOnLoad (12ms)
				EditorAssembliesLoaded (0ms)
			ExecutionOrderSort2 (0ms)
			AwakeInstancesAfterBackupRestoration (7ms)
Platform modules already initialized, skipping
========================================================================
Worker process is ready to serve import requests
Launched and connected shader compiler UnityShaderCompiler.exe after 0.05 seconds
Refreshing native plugins compatible for Editor in 1.57 ms, found 3 plugins.
Preloading 0 native plugins for Editor in 0.00 ms.
Unloading 3385 Unused Serialized files (Serialized files now loaded: 0)
Unloading 27 unused Assets / (111.6 KB). Loaded Objects now: 3849.
Memory consumption went from 122.4 MB to 122.3 MB.
Total: 3.833000 ms (FindLiveObjects: 0.305100 ms CreateObjectMapping: 0.146600 ms MarkObjects: 3.238200 ms  DeleteObjects: 0.142300 ms)

AssetImportParameters requested are different than current active one (requested -> active):
  custom:video-decoder-ogg-theora: a1e56fd34408186e4bbccfd4996cb3dc -> 
  custom:container-muxer-webm: aa71ff27fc2769a1b78a27578f13a17b -> 
  custom:container-demuxer-webm: 4f35f7cbe854078d1ac9338744f61a02 -> 
  custom:video-encoder-webm-vp8: eb34c28f22e8b96e1ab97ce403110664 -> 
  custom:video-codec-MediaFoundation-h265: 746d11721c4dcdbdad8f713fa42b33f4 -> 
  custom:audio-encoder-webm-vorbis: bf7c407c2cedff20999df2af8eb42d56 -> 
  custom:framework-win-MediaFoundation: 216162199b28c13a410421893ffa2e32 -> 
  custom:container-demuxer-ogg: 62fdf1f143b41e24485cea50d1cbac27 -> 
  custom:video-decoder-webm-vp8: 9c59270c3fd7afecdb556c50c9e8de78 -> 
  custom:audio-decoder-ogg-vorbis: bf7c407c2cedff20999df2af8eb42d56 -> 
========================================================================
Received Import Request.
  Time since last request: 7438.359177 seconds.
  path: Assets/Islamic Tiles (4k)/2/Ornamental_Tiles_height.png
  artifactKey: Guid(988708192b22ce640aa6212130162c15) Importer(815301076,1909f56bfc062723c751e8b465ee728b)
Start importing Assets/Islamic Tiles (4k)/2/Ornamental_Tiles_height.png using Guid(988708192b22ce640aa6212130162c15) Importer(815301076,1909f56bfc062723c751e8b465ee728b)  -> (artifact id: '0351c9527f97897d0ce70a20e9554b9f') in 0.136812 seconds 
========================================================================
Received Import Request.
  Time since last request: 4.929268 seconds.
  path: Assets/Islamic Tiles (4k)/3/Ornamental_Tiles_height.png
  artifactKey: Guid(3f17878e691e5884e842020cc30a1ba6) Importer(815301076,1909f56bfc062723c751e8b465ee728b)
Start importing Assets/Islamic Tiles (4k)/3/Ornamental_Tiles_height.png using Guid(3f17878e691e5884e842020cc30a1ba6) Importer(815301076,1909f56bfc062723c751e8b465ee728b)  -> (artifact id: 'd2b65cf8c8b8774efd0bb0319c02ca34') in 0.025629 seconds 
========================================================================
Received Import Request.
  Time since last request: 0.000033 seconds.
  path: Assets/Islamic Tiles (4k)/3/Ornamental_Tiles_normal.png
  artifactKey: Guid(445496010ea68f84bad6c93a0a048de5) Importer(815301076,1909f56bfc062723c751e8b465ee728b)
Start importing Assets/Islamic Tiles (4k)/3/Ornamental_Tiles_normal.png using Guid(445496010ea68f84bad6c93a0a048de5) Importer(815301076,1909f56bfc062723c751e8b465ee728b)  -> (artifact id: '81f5bd823e53d6dfe3799f76d86b356f') in 0.060576 seconds 
========================================================================
Received Import Request.
  Time since last request: 49.113880 seconds.
  path: Assets/Islamic Tiles (4k)/5/Ornamental_Tiles_height.png
  artifactKey: Guid(5b8ad7a8288f2e245929bd618f0247a0) Importer(815301076,1909f56bfc062723c751e8b465ee728b)
Start importing Assets/Islamic Tiles (4k)/5/Ornamental_Tiles_height.png using Guid(5b8ad7a8288f2e245929bd618f0247a0) Importer(815301076,1909f56bfc062723c751e8b465ee728b)  -> (artifact id: '8f9f9330c62bf6cda43ba839564191c5') in 0.031792 seconds 
========================================================================
Received Import Request.
  Time since last request: 0.000033 seconds.
  path: Assets/Islamic Tiles (4k)/5/Ornamental_Tiles_roughness.png
  artifactKey: Guid(6688d634c65d310428f744a215a10ac2) Importer(815301076,1909f56bfc062723c751e8b465ee728b)
Start importing Assets/Islamic Tiles (4k)/5/Ornamental_Tiles_roughness.png using Guid(6688d634c65d310428f744a215a10ac2) Importer(815301076,1909f56bfc062723c751e8b465ee728b)  -> (artifact id: '0b59da87493c37395c9431b79bb81679') in 0.031256 seconds 
========================================================================
Received Import Request.
  Time since last request: 21.757092 seconds.
  path: Assets/Islamic Tiles (4k)/6/Ornamental_Tiles_height.png
  artifactKey: Guid(013c2ad81c8607640b85af11e690b69a) Importer(815301076,1909f56bfc062723c751e8b465ee728b)
Start importing Assets/Islamic Tiles (4k)/6/Ornamental_Tiles_height.png using Guid(013c2ad81c8607640b85af11e690b69a) Importer(815301076,1909f56bfc062723c751e8b465ee728b)  -> (artifact id: '5b36d3bf2afec0ee7a98a361b6ffbbb7') in 0.024107 seconds 
========================================================================
Received Import Request.
  Time since last request: 0.000040 seconds.
  path: Assets/Islamic Tiles (4k)/6/Ornamental_Tiles_metallic.png
  artifactKey: Guid(5e9c53f4f8becc740a36239a55131714) Importer(815301076,1909f56bfc062723c751e8b465ee728b)
Start importing Assets/Islamic Tiles (4k)/6/Ornamental_Tiles_metallic.png using Guid(5e9c53f4f8becc740a36239a55131714) Importer(815301076,1909f56bfc062723c751e8b465ee728b)  -> (artifact id: '6012ec473cf033f132b9cc97abefc411') in 0.021025 seconds 
========================================================================
Received Import Request.
  Time since last request: 39.621979 seconds.
  path: Assets/Hand Painted textures/Materials/Brown_Brick.mat
  artifactKey: Guid(ec12c11efae8b8a49b3b7e70af83fab1) Importer(815301076,1909f56bfc062723c751e8b465ee728b)
Start importing Assets/Hand Painted textures/Materials/Brown_Brick.mat using Guid(ec12c11efae8b8a49b3b7e70af83fab1) Importer(815301076,1909f56bfc062723c751e8b465ee728b)  -> (artifact id: '4a2ac524011b4f0eda8c63a6055ca083') in 0.151804 seconds 
========================================================================
Received Import Request.
  Time since last request: 0.000063 seconds.
  path: Assets/Hand Painted textures/Materials/Grass Tinted.mat
  artifactKey: Guid(4535618784565fd4aaf9a733b4a54b39) Importer(815301076,1909f56bfc062723c751e8b465ee728b)
Start importing Assets/Hand Painted textures/Materials/Grass Tinted.mat using Guid(4535618784565fd4aaf9a733b4a54b39) Importer(815301076,1909f56bfc062723c751e8b465ee728b)  -> (artifact id: '51b49e7ddc79242ca12ff310ef91a58c') in 0.056539 seconds 
========================================================================
Received Prepare
Registering precompiled user dll's ...
Registered in 0.009441 seconds.
Begin MonoManager ReloadAssembly
Symbol file LoadedFromMemory doesn't match image C:\Users\Moone\Documents\GitHub\RHAMSCAN\Project39-pt2\Project 39\Library\PackageCache\com.unity.visualscripting@1.7.8\Editor\VisualScripting.Core\Dependencies\YamlDotNet\Unity.VisualScripting.YamlDotNet.dll
Symbol file LoadedFromMemory doesn't match image C:\Users\Moone\Documents\GitHub\RHAMSCAN\Project39-pt2\Project 39\Library\PackageCache\com.unity.visualscripting@1.7.8\Editor\VisualScripting.Core\Dependencies\DotNetZip\Unity.VisualScripting.IonicZip.dll
Native extension for WindowsStandalone target not found
Native extension for WebGL target not found
Refreshing native plugins compatible for Editor in 1.05 ms, found 3 plugins.
Preloading 0 native plugins for Editor in 0.00 ms.
Mono: successfully reloaded assembly
- Completed reload, in  1.590 seconds
Domain Reload Profiling:
	ReloadAssembly (1590ms)
		BeginReloadAssembly (197ms)
			ExecutionOrderSort (0ms)
			DisableScriptedObjects (5ms)
			BackupInstance (0ms)
			ReleaseScriptingObjects (0ms)
			CreateAndSetChildDomain (57ms)
		EndReloadAssembly (1251ms)
			LoadAssemblies (118ms)
			RebuildTransferFunctionScriptingTraits (0ms)
			SetupTypeCache (422ms)
			ReleaseScriptCaches (2ms)
			RebuildScriptCaches (60ms)
			SetupLoadedEditorAssemblies (584ms)
				LogAssemblyErrors (0ms)
				InitializePlatformSupportModulesInManaged (26ms)
				SetLoadedEditorAssemblies (1ms)
				RefreshPlugins (1ms)
				BeforeProcessingInitializeOnLoad (122ms)
				ProcessInitializeOnLoadAttributes (366ms)
				ProcessInitializeOnLoadMethodAttributes (50ms)
				AfterProcessingInitializeOnLoad (18ms)
				EditorAssembliesLoaded (0ms)
			ExecutionOrderSort2 (0ms)
			AwakeInstancesAfterBackupRestoration (11ms)
Platform modules already initialized, skipping
Refreshing native plugins compatible for Editor in 3.89 ms, found 3 plugins.
Preloading 0 native plugins for Editor in 0.00 ms.
Unloading 3377 Unused Serialized files (Serialized files now loaded: 0)
Unloading 20 unused Assets / (79.1 KB). Loaded Objects now: 3894.
Memory consumption went from 126.7 MB to 126.6 MB.
Total: 4.957800 ms (FindLiveObjects: 0.482700 ms CreateObjectMapping: 0.202300 ms MarkObjects: 4.113200 ms  DeleteObjects: 0.157700 ms)

AssetImportParameters requested are different than current active one (requested -> active):
  custom:video-decoder-ogg-theora: a1e56fd34408186e4bbccfd4996cb3dc -> 
  custom:container-muxer-webm: aa71ff27fc2769a1b78a27578f13a17b -> 
  custom:container-demuxer-webm: 4f35f7cbe854078d1ac9338744f61a02 -> 
  custom:video-encoder-webm-vp8: eb34c28f22e8b96e1ab97ce403110664 -> 
  custom:video-codec-MediaFoundation-h265: 746d11721c4dcdbdad8f713fa42b33f4 -> 
  custom:audio-encoder-webm-vorbis: bf7c407c2cedff20999df2af8eb42d56 -> 
  custom:framework-win-MediaFoundation: 216162199b28c13a410421893ffa2e32 -> 
  custom:container-demuxer-ogg: 62fdf1f143b41e24485cea50d1cbac27 -> 
  custom:video-decoder-webm-vp8: 9c59270c3fd7afecdb556c50c9e8de78 -> 
  custom:audio-decoder-ogg-vorbis: bf7c407c2cedff20999df2af8eb42d56 -> 
Editor requested this worker to shutdown with reason: Scaling down because of idle timeout
AssetImportWorker is now disconnected from the server
Process exiting
Exiting without the bug reporter. Application will terminate with return code 0